<?xml version="1.0" encoding="UTF-8"?>
<coverage generated="1706354353825" clover="3.2.0">
  <project timestamp="1706354353825" name="All files">
    <metrics statements="31" coveredstatements="29" conditionals="7" coveredconditionals="4" methods="6" coveredmethods="6" elements="44" coveredelements="39" complexity="0" loc="31" ncloc="31" packages="3" files="3" classes="3"/>
    <package name="components.container.Auth">
      <metrics statements="7" coveredstatements="7" conditionals="0" coveredconditionals="0" methods="1" coveredmethods="1"/>
      <file name="Auth.tsx" path="/home/runner/work/react-starter/react-starter/src/components/container/Auth/Auth.tsx">
        <metrics statements="7" coveredstatements="7" conditionals="0" coveredconditionals="0" methods="1" coveredmethods="1"/>
        <line num="1" count="1" type="stmt"/>
        <line num="2" count="1" type="stmt"/>
        <line num="3" count="1" type="stmt"/>
        <line num="5" count="1" type="stmt"/>
        <line num="6" count="1" type="stmt"/>
        <line num="8" count="1" type="stmt"/>
        <line num="18" count="1" type="stmt"/>
      </file>
    </package>
    <package name="components.ui.Button">
      <metrics statements="13" coveredstatements="11" conditionals="3" coveredconditionals="2" methods="2" coveredmethods="2"/>
      <file name="Button.tsx" path="/home/runner/work/react-starter/react-starter/src/components/ui/Button/Button.tsx">
        <metrics statements="13" coveredstatements="11" conditionals="3" coveredconditionals="2" methods="2" coveredmethods="2"/>
        <line num="1" count="1" type="stmt"/>
        <line num="2" count="1" type="stmt"/>
        <line num="3" count="1" type="stmt"/>
        <line num="5" count="1" type="stmt"/>
        <line num="7" count="1" type="stmt"/>
        <line num="8" count="1" type="cond" truecount="2" falsecount="0"/>
        <line num="9" count="1" type="stmt"/>
        <line num="10" count="1" type="cond" truecount="0" falsecount="1"/>
        <line num="11" count="0" type="stmt"/>
        <line num="13" count="0" type="stmt"/>
        <line num="20" count="1" type="stmt"/>
        <line num="27" count="1" type="stmt"/>
        <line num="32" count="1" type="stmt"/>
      </file>
    </package>
    <package name="hooks">
      <metrics statements="11" coveredstatements="11" conditionals="4" coveredconditionals="2" methods="3" coveredmethods="3"/>
      <file name="useTitle.tsx" path="/home/runner/work/react-starter/react-starter/src/hooks/useTitle.tsx">
        <metrics statements="11" coveredstatements="11" conditionals="4" coveredconditionals="2" methods="3" coveredmethods="3"/>
        <line num="1" count="1" type="stmt"/>
        <line num="3" count="1" type="stmt"/>
        <line num="4" count="1" type="stmt"/>
        <line num="5" count="1" type="cond" truecount="1" falsecount="1"/>
        <line num="7" count="1" type="stmt"/>
        <line num="8" count="1" type="cond" truecount="0" falsecount="1"/>
        <line num="10" count="1" type="stmt"/>
        <line num="12" count="1" type="cond" truecount="1" falsecount="0"/>
        <line num="14" count="1" type="stmt"/>
        <line num="15" count="1" type="stmt"/>
        <line num="20" count="1" type="stmt"/>
      </file>
    </package>
  </project>
</coverage>
